<?xml version="1.0" encoding="UTF-8"?>
<!-- Generated by org.testng.reporters.JUnitReportReporter -->
<testsuite hostname="IQZNGLDT015" failures="0" tests="5" name="Demo.Pegaloginpage" time="112.118" errors="0" timestamp="2021-11-25T23:24:32 IST" skipped="0">
  <testcase classname="Demo.Pegaloginpage" name="enter_pswd" time="0.653"/>
  <system-out/>
  <testcase classname="Demo.Pegaloginpage" name="launch_app" time="10.052"/>
  <system-out/>
  <testcase classname="Demo.Pegaloginpage" name="clicklogin" time="97.134"/>
  <system-out/>
  <testcase classname="Demo.Pegaloginpage" name="enter_user" time="1.198"/>
  <system-out/>
  <testcase classname="Demo.Pegaloginpage" name="get_title" time="3.081"/>
  <system-out/>
</testsuite> <!-- Demo.Pegaloginpage -->
