<?xml version="1.0" encoding="UTF-8"?>
<!-- Generated by org.testng.reporters.JUnitReportReporter -->
<testsuite hostname="IQZNGLDT015" failures="0" tests="5" name="Demo.Pegaloginpage" time="22.725" errors="0" timestamp="2021-11-25T23:31:38 IST" skipped="0">
  <testcase classname="Demo.Pegaloginpage" name="enter_pswd" time="0.076"/>
  <system-out/>
  <testcase classname="Demo.Pegaloginpage" name="clicklogin" time="14.948"/>
  <system-out/>
  <testcase classname="Demo.Pegaloginpage" name="enter_user" time="0.531"/>
  <system-out/>
  <testcase classname="Demo.Pegaloginpage" name="launch_app" time="4.121"/>
  <system-out/>
  <testcase classname="Demo.Pegaloginpage" name="get_title" time="3.049"/>
  <system-out/>
</testsuite> <!-- Demo.Pegaloginpage -->
