<?xml version="1.0" encoding="UTF-8"?>
<!-- Generated by org.testng.reporters.JUnitReportReporter -->
<testsuite hostname="IQZNGLDT015" failures="0" tests="3" name="packagee_demo.windows_auth" time="17.226" errors="0" timestamp="2021-12-21T22:28:05 IST" skipped="0">
  <testcase classname="packagee_demo.windows_auth" name="printveg" time="5.861"/>
  <system-out/>
  <testcase classname="packagee_demo.windows_auth" name="Cucumber" time="5.669"/>
  <system-out/>
  <testcase classname="packagee_demo.windows_auth" name="Brocolli" time="5.696"/>
  <system-out/>
</testsuite> <!-- packagee_demo.windows_auth -->
