<?xml version="1.0" encoding="UTF-8"?>
<!-- Generated by org.testng.reporters.JUnitReportReporter -->
<testsuite hostname="IQZNGLDT015" failures="0" tests="3" name="packagee_demo.assignment18" time="16.325" errors="0" timestamp="2021-12-21T23:07:30 IST" skipped="0">
  <testcase classname="packagee_demo.assignment18" name="Cucumber" time="5.314"/>
  <system-out/>
  <testcase classname="packagee_demo.assignment18" name="Brocolli" time="5.775"/>
  <system-out/>
  <testcase classname="packagee_demo.assignment18" name="printveg" time="5.236"/>
  <system-out/>
</testsuite> <!-- packagee_demo.assignment18 -->
