<?xml version="1.0" encoding="UTF-8"?>
<!-- Generated by org.testng.reporters.JUnitReportReporter -->
<testsuite hostname="IQZNGLDT015" failures="0" tests="3" name="packagee_demo.Topdeal" time="16.508" errors="0" timestamp="2021-12-21T23:05:18 IST" skipped="0">
  <testcase classname="packagee_demo.Topdeal" name="Brocolli" time="5.623"/>
  <system-out/>
  <testcase classname="packagee_demo.Topdeal" name="printveg" time="5.540"/>
  <system-out/>
  <testcase classname="packagee_demo.Topdeal" name="Cucumber" time="5.345"/>
  <system-out/>
</testsuite> <!-- packagee_demo.Topdeal -->
