<?xml version="1.0" encoding="UTF-8"?>
<!-- Generated by org.testng.reporters.JUnitReportReporter -->
<testsuite hostname="IQZNGLDT015" failures="0" tests="2" name="Demo.Cross_Browser" time="37.277" errors="0" timestamp="2021-11-19T18:18:52 IST" skipped="0">
  <testcase classname="Demo.Cross_Browser" name="testyahoo" time="22.927"/>
  <system-out/>
  <testcase classname="Demo.Cross_Browser" name="testgoogle" time="14.350"/>
  <system-out/>
</testsuite> <!-- Demo.Cross_Browser -->
