<?xml version="1.0" encoding="UTF-8"?>
<!-- Generated by org.testng.reporters.JUnitReportReporter -->
<testsuite hostname="IQZNGLDT015" failures="0" tests="5" name="Demo.Pegaloginpage_invalid" time="23.298" errors="0" timestamp="2021-11-24T18:20:41 IST" skipped="0">
  <testcase classname="Demo.Pegaloginpage_invalid" name="get_title" time="3.881"/>
  <system-out/>
  <testcase classname="Demo.Pegaloginpage_invalid" name="clicklogin" time="4.778"/>
  <system-out/>
  <testcase classname="Demo.Pegaloginpage_invalid" name="enter_user" time="3.746"/>
  <system-out/>
  <testcase classname="Demo.Pegaloginpage_invalid" name="enter_pswd" time="3.145"/>
  <system-out/>
  <testcase classname="Demo.Pegaloginpage_invalid" name="launch_app" time="7.748"/>
  <system-out/>
</testsuite> <!-- Demo.Pegaloginpage_invalid -->
