<?xml version="1.0" encoding="UTF-8"?>
<!-- Generated by org.testng.reporters.JUnitReportReporter -->
<testsuite hostname="IQZNGLDT015" failures="0" tests="5" name="Demo.Pegaloginpage" time="37.493" errors="0" timestamp="2021-11-24T18:20:41 IST" skipped="0">
  <testcase classname="Demo.Pegaloginpage" name="get_title" time="5.057"/>
  <system-out/>
  <testcase classname="Demo.Pegaloginpage" name="launch_app" time="7.480"/>
  <system-out/>
  <testcase classname="Demo.Pegaloginpage" name="enter_user" time="3.288"/>
  <system-out/>
  <testcase classname="Demo.Pegaloginpage" name="clicklogin" time="18.461"/>
  <system-out/>
  <testcase classname="Demo.Pegaloginpage" name="enter_pswd" time="3.207"/>
  <system-out/>
</testsuite> <!-- Demo.Pegaloginpage -->
