<?xml version="1.0" encoding="UTF-8"?>
<!-- Generated by org.testng.reporters.JUnitReportReporter -->
<testsuite hostname="IQZNGLDT015" failures="0" tests="4" name="packagee_demo.addtocarttoadded" time="9.546" errors="0" timestamp="2021-12-21T23:09:25 IST" skipped="0">
  <testcase classname="packagee_demo.addtocarttoadded" name="Beetroot" time="3.048"/>
  <system-out/>
  <testcase classname="packagee_demo.addtocarttoadded" name="Cauliflower" time="2.167"/>
  <system-out/>
  <testcase classname="packagee_demo.addtocarttoadded" name="Brocolli" time="2.177"/>
  <system-out/>
  <testcase classname="packagee_demo.addtocarttoadded" name="Cucumber" time="2.154"/>
  <system-out/>
</testsuite> <!-- packagee_demo.addtocarttoadded -->
