<?xml version="1.0" encoding="UTF-8"?>
<!-- Generated by org.testng.reporters.JUnitReportReporter -->
<testsuite hostname="IQZNGLDT015" failures="0" tests="4" name="package_demo.crossbrowser_chrome" time="72.611" errors="0" timestamp="2021-11-19T16:06:41 IST" skipped="0">
  <testcase classname="package_demo.crossbrowser_chrome" name="testyahoo" time="20.861"/>
  <system-out/>
  <testcase classname="package_demo.crossbrowser_chrome" name="testyahoo" time="19.430"/>
  <system-out/>
  <testcase classname="package_demo.crossbrowser_chrome" name="testgoogle" time="14.056"/>
  <system-out/>
  <testcase classname="package_demo.crossbrowser_chrome" name="testgoogle" time="18.264"/>
  <system-out/>
</testsuite> <!-- package_demo.crossbrowser_chrome -->
