<?xml version="1.0" encoding="UTF-8"?>
<!-- Generated by org.testng.reporters.JUnitReportReporter -->
<testsuite hostname="IQZNGLDT015" failures="0" tests="4" name="packagee_demo.windows_auth" time="8.562" errors="0" timestamp="2021-12-20T22:41:57 IST" skipped="0">
  <testcase classname="packagee_demo.windows_auth" name="Cauliflower" time="2.108"/>
  <system-out/>
  <testcase classname="packagee_demo.windows_auth" name="Beetroot" time="2.218"/>
  <system-out/>
  <testcase classname="packagee_demo.windows_auth" name="Cucumber" time="2.115"/>
  <system-out/>
  <testcase classname="packagee_demo.windows_auth" name="Brocolli" time="2.121"/>
  <system-out/>
</testsuite> <!-- packagee_demo.windows_auth -->
