<?xml version="1.0" encoding="UTF-8"?>
<!-- Generated by org.testng.reporters.JUnitReportReporter -->
<testsuite hostname="IQZNGLDT015" failures="0" tests="8" name="Demo.Pegaloginpage" time="165.304" errors="0" timestamp="2021-11-26T01:16:35 IST" skipped="0">
  <testcase classname="Demo.Pegaloginpage" name="Linkedin" time="17.605"/>
  <system-out/>
  <testcase classname="Demo.Pegaloginpage" name="Youtube" time="19.864"/>
  <system-out/>
  <testcase classname="Demo.Pegaloginpage" name="launch_app" time="24.437"/>
  <system-out/>
  <testcase classname="Demo.Pegaloginpage" name="paperplane" time="15.441"/>
  <system-out/>
  <testcase classname="Demo.Pegaloginpage" name="FaMedium" time="15.501"/>
  <system-out/>
  <testcase classname="Demo.Pegaloginpage" name="facebook" time="29.868"/>
  <system-out/>
  <testcase classname="Demo.Pegaloginpage" name="github" time="15.852"/>
  <system-out/>
  <testcase classname="Demo.Pegaloginpage" name="twitter" time="26.736"/>
  <system-out/>
</testsuite> <!-- Demo.Pegaloginpage -->
