<?xml version="1.0" encoding="UTF-8"?>
<!-- Generated by org.testng.reporters.JUnitReportReporter -->
<testsuite hostname="IQZNGLDT015" failures="0" tests="2" name="packagee_demo.Topdeal" time="0.942" errors="0" timestamp="2021-12-21T23:08:06 IST" skipped="0">
  <testcase classname="packagee_demo.Topdeal" name="Topdealclick" time="0.838"/>
  <system-out/>
  <testcase classname="packagee_demo.Topdeal" name="tomato" time="0.104"/>
  <system-out/>
</testsuite> <!-- packagee_demo.Topdeal -->
