<?xml version="1.0" encoding="UTF-8"?>
<!-- Generated by org.testng.reporters.JUnitReportReporter -->
<testsuite hostname="IQZNGLDT015" failures="0" tests="33" name="Demo.Pegaloginpage" time="286.177" errors="1" timestamp="2022-01-31T21:40:34 IST" skipped="1">
  <testcase classname="Demo.Pegaloginpage" name="Create_individuallead" time="1.412"/>
  <system-out/>
  <testcase classname="Demo.Pegaloginpage" name="enter_user" time="0.683"/>
  <system-out/>
  <testcase classname="Demo.Pegaloginpage" name="convertlead" time="4.879"/>
  <system-out/>
  <testcase classname="Demo.Pegaloginpage" name="newindividualleadmodal" time="11.689"/>
  <system-out/>
  <testcase classname="Demo.Pegaloginpage" name="convertleadmodal" time="12.500"/>
  <system-out/>
  <testcase classname="Demo.Pegaloginpage" name="launch_app" time="3.756"/>
  <system-out/>
  <testcase classname="Demo.Pegaloginpage" name="newindividualleadmodal" time="20.124"/>
  <system-out/>
  <testcase classname="Demo.Pegaloginpage" name="updateindividuallead" time="16.590"/>
  <system-out/>
  <testcase classname="Demo.Pegaloginpage" name="enter_pswd" time="0.879"/>
  <system-out/>
  <testcase classname="Demo.Pegaloginpage" name="launch_app" time="8.491"/>
  <system-out/>
  <testcase classname="Demo.Pegaloginpage" name="newindividualleadmodal" time="5.624"/>
  <system-out/>
  <testcase classname="Demo.Pegaloginpage" name="convertlead" time="6.562"/>
  <system-out/>
  <testcase classname="Demo.Pegaloginpage" name="enter_user" time="0.279"/>
  <system-out/>
  <testcase classname="Demo.Pegaloginpage" name="convertlead" time="0.522">
    <error message="Element &lt;button class=&quot;Simple pzhc pzbutton&quot; name=&quot;CaseActionHeader_pyWorkPage_5&quot; type=&quot;button&quot;&gt; is not clickable at point (360,108) because another element &lt;div class=&quot; flex content layout-content-inline_grid_double  content-inline_grid_double  content-stacked&quot;&gt; obscures it
Build info: version: &#039;3.141.59&#039;, revision: &#039;e82be7d358&#039;, time: &#039;2018-11-14T08:25:53&#039;
System info: host: &#039;IQZNGLDT015&#039;, ip: &#039;192.168.0.114&#039;, os.name: &#039;Windows 10&#039;, os.arch: &#039;amd64&#039;, os.version: &#039;10.0&#039;, java.version: &#039;14.0.2&#039;
Driver info: org.openqa.selenium.firefox.FirefoxDriver
Capabilities {acceptInsecureCerts: true, browserName: firefox, browserVersion: 96.0.3, javascriptEnabled: true, moz:accessibilityChecks: false, moz:buildID: 20220126154723, moz:geckodriverVersion: 0.30.0, moz:headless: false, moz:processID: 4544, moz:profile: C:\Users\rajeev.n.IQZAD\App..., moz:shutdownTimeout: 60000, moz:useNonSpecCompliantPointerOrigin: false, moz:webdriverClick: true, pageLoadStrategy: normal, platform: WINDOWS, platformName: WINDOWS, platformVersion: 10.0, proxy: Proxy(), setWindowRect: true, strictFileInteractability: false, timeouts: {implicit: 0, pageLoad: 300000, script: 30000}, unhandledPromptBehavior: dismiss and notify}
Session ID: 4cf74279-263d-49a4-b416-290017132f70" type="org.openqa.selenium.ElementClickInterceptedException">
      <![CDATA[org.openqa.selenium.ElementClickInterceptedException: Element <button class="Simple pzhc pzbutton" name="CaseActionHeader_pyWorkPage_5" type="button"> is not clickable at point (360,108) because another element <div class=" flex content layout-content-inline_grid_double  content-inline_grid_double  content-stacked"> obscures it
Build info: version: '3.141.59', revision: 'e82be7d358', time: '2018-11-14T08:25:53'
System info: host: 'IQZNGLDT015', ip: '192.168.0.114', os.name: 'Windows 10', os.arch: 'amd64', os.version: '10.0', java.version: '14.0.2'
Driver info: org.openqa.selenium.firefox.FirefoxDriver
Capabilities {acceptInsecureCerts: true, browserName: firefox, browserVersion: 96.0.3, javascriptEnabled: true, moz:accessibilityChecks: false, moz:buildID: 20220126154723, moz:geckodriverVersion: 0.30.0, moz:headless: false, moz:processID: 4544, moz:profile: C:\Users\rajeev.n.IQZAD\App..., moz:shutdownTimeout: 60000, moz:useNonSpecCompliantPointerOrigin: false, moz:webdriverClick: true, pageLoadStrategy: normal, platform: WINDOWS, platformName: WINDOWS, platformVersion: 10.0, proxy: Proxy(), setWindowRect: true, strictFileInteractability: false, timeouts: {implicit: 0, pageLoad: 300000, script: 30000}, unhandledPromptBehavior: dismiss and notify}
Session ID: 4cf74279-263d-49a4-b416-290017132f70
at java.base/jdk.internal.reflect.NativeConstructorAccessorImpl.newInstance0(Native Method)
at java.base/jdk.internal.reflect.NativeConstructorAccessorImpl.newInstance(NativeConstructorAccessorImpl.java:62)
at java.base/jdk.internal.reflect.DelegatingConstructorAccessorImpl.newInstance(DelegatingConstructorAccessorImpl.java:45)
at java.base/java.lang.reflect.Constructor.newInstanceWithCaller(Constructor.java:500)
at java.base/java.lang.reflect.Constructor.newInstance(Constructor.java:481)
at org.openqa.selenium.remote.http.W3CHttpResponseCodec.createException(W3CHttpResponseCodec.java:187)
at org.openqa.selenium.remote.http.W3CHttpResponseCodec.decode(W3CHttpResponseCodec.java:122)
at org.openqa.selenium.remote.http.W3CHttpResponseCodec.decode(W3CHttpResponseCodec.java:49)
at org.openqa.selenium.remote.HttpCommandExecutor.execute(HttpCommandExecutor.java:158)
at org.openqa.selenium.remote.service.DriverCommandExecutor.execute(DriverCommandExecutor.java:83)
at org.openqa.selenium.remote.RemoteWebDriver.execute(RemoteWebDriver.java:552)
at org.openqa.selenium.remote.RemoteWebElement.execute(RemoteWebElement.java:285)
at org.openqa.selenium.remote.RemoteWebElement.click(RemoteWebElement.java:84)
at Demo.Pegaloginpage.convertlead(Pegaloginpage.java:135)
at java.base/jdk.internal.reflect.NativeMethodAccessorImpl.invoke0(Native Method)
at java.base/jdk.internal.reflect.NativeMethodAccessorImpl.invoke(NativeMethodAccessorImpl.java:62)
at java.base/jdk.internal.reflect.DelegatingMethodAccessorImpl.invoke(DelegatingMethodAccessorImpl.java:43)
at java.base/java.lang.reflect.Method.invoke(Method.java:564)
at org.testng.internal.MethodInvocationHelper.invokeMethod(MethodInvocationHelper.java:133)
at org.testng.internal.TestInvoker.invokeMethod(TestInvoker.java:598)
at org.testng.internal.TestInvoker.invokeTestMethod(TestInvoker.java:173)
at org.testng.internal.MethodRunner.runInSequence(MethodRunner.java:46)
at org.testng.internal.TestInvoker$MethodInvocationAgent.invoke(TestInvoker.java:824)
at org.testng.internal.TestInvoker.invokeTestMethods(TestInvoker.java:146)
at org.testng.internal.TestMethodWorker.invokeTestMethods(TestMethodWorker.java:146)
at org.testng.internal.TestMethodWorker.run(TestMethodWorker.java:128)
at java.base/java.util.ArrayList.forEach(ArrayList.java:1511)
at org.testng.TestRunner.privateRun(TestRunner.java:794)
at org.testng.TestRunner.run(TestRunner.java:596)
at org.testng.SuiteRunner.runTest(SuiteRunner.java:377)
at org.testng.SuiteRunner.access$000(SuiteRunner.java:28)
at org.testng.SuiteRunner$SuiteWorker.run(SuiteRunner.java:418)
at org.testng.internal.thread.ThreadUtil.lambda$execute$0(ThreadUtil.java:64)
at java.base/java.util.concurrent.FutureTask.run(FutureTask.java:264)
at java.base/java.util.concurrent.ThreadPoolExecutor.runWorker(ThreadPoolExecutor.java:1130)
at java.base/java.util.concurrent.ThreadPoolExecutor$Worker.run(ThreadPoolExecutor.java:630)
at java.base/java.lang.Thread.run(Thread.java:832)
]]>
    </error>
  </testcase> <!-- convertlead -->
  <system-out/>
  <testcase classname="Demo.Pegaloginpage" name="updateindividuallead" time="4.240"/>
  <system-out/>
  <testcase classname="Demo.Pegaloginpage" name="launch_app" time="15.134"/>
  <system-out/>
  <testcase classname="Demo.Pegaloginpage" name="editindividuallead" time="11.385"/>
  <system-out/>
  <testcase classname="Demo.Pegaloginpage" name="get_title" time="0.257"/>
  <system-out/>
  <testcase classname="Demo.Pegaloginpage" name="get_title" time="0.055"/>
  <system-out/>
  <testcase classname="Demo.Pegaloginpage" name="enter_pswd" time="0.533"/>
  <system-out/>
  <testcase classname="Demo.Pegaloginpage" name="updateindividuallead" time="10.042"/>
  <system-out/>
  <testcase classname="Demo.Pegaloginpage" name="clicklogin" time="33.226"/>
  <system-out/>
  <testcase classname="Demo.Pegaloginpage" name="editindividuallead" time="8.165"/>
  <system-out/>
  <testcase classname="Demo.Pegaloginpage" name="Create_individuallead" time="1.224"/>
  <system-out/>
  <testcase classname="Demo.Pegaloginpage" name="clicklogin" time="44.270"/>
  <system-out/>
  <testcase classname="Demo.Pegaloginpage" name="clicklogin" time="31.096"/>
  <system-out/>
  <testcase classname="Demo.Pegaloginpage" name="enter_pswd" time="0.370"/>
  <system-out/>
  <testcase classname="Demo.Pegaloginpage" name="Create_individuallead" time="2.629"/>
  <system-out/>
  <testcase classname="Demo.Pegaloginpage" name="get_title" time="0.030"/>
  <system-out/>
  <testcase classname="Demo.Pegaloginpage" name="convertleadmodal" time="0.000">
    <skipped/>
  </testcase> <!-- convertleadmodal -->
  <system-out/>
  <testcase classname="Demo.Pegaloginpage" name="enter_user" time="0.728"/>
  <system-out/>
  <testcase classname="Demo.Pegaloginpage" name="editindividuallead" time="8.732"/>
  <system-out/>
  <testcase classname="Demo.Pegaloginpage" name="convertleadmodal" time="20.071"/>
  <system-out/>
</testsuite> <!-- Demo.Pegaloginpage -->
