<?xml version="1.0" encoding="UTF-8"?>
<!-- Generated by org.testng.reporters.JUnitReportReporter -->
<testsuite hostname="IQZNGLDT015" failures="0" tests="15" name="Demo.Pegaloginpage" time="122.558" errors="0" timestamp="2021-11-23T18:25:32 IST" skipped="0">
  <testcase classname="Demo.Pegaloginpage" name="enter_pswd" time="3.114"/>
  <system-out/>
  <testcase classname="Demo.Pegaloginpage" name="get_title" time="3.033"/>
  <system-out/>
  <testcase classname="Demo.Pegaloginpage" name="launch_app" time="8.008"/>
  <system-out/>
  <testcase classname="Demo.Pegaloginpage" name="clicklogin" time="18.919"/>
  <system-out/>
  <testcase classname="Demo.Pegaloginpage" name="enter_user" time="4.226"/>
  <system-out/>
  <testcase classname="Demo.Pegaloginpage" name="get_title" time="3.019"/>
  <system-out/>
  <testcase classname="Demo.Pegaloginpage" name="enter_user" time="3.270"/>
  <system-out/>
  <testcase classname="Demo.Pegaloginpage" name="get_title" time="3.033"/>
  <system-out/>
  <testcase classname="Demo.Pegaloginpage" name="launch_app" time="7.941"/>
  <system-out/>
  <testcase classname="Demo.Pegaloginpage" name="enter_user" time="4.226"/>
  <system-out/>
  <testcase classname="Demo.Pegaloginpage" name="clicklogin" time="26.130"/>
  <system-out/>
  <testcase classname="Demo.Pegaloginpage" name="launch_app" time="8.005"/>
  <system-out/>
  <testcase classname="Demo.Pegaloginpage" name="enter_pswd" time="3.112"/>
  <system-out/>
  <testcase classname="Demo.Pegaloginpage" name="enter_pswd" time="3.117"/>
  <system-out/>
  <testcase classname="Demo.Pegaloginpage" name="clicklogin" time="23.405"/>
  <system-out/>
</testsuite> <!-- Demo.Pegaloginpage -->
